This is pdfTeX, Version 3.1415926-1.40.10 (TeX Live 2009/Debian) (format=pdftex 2013.2.21)  30 MAY 2013 12:13
entering extended mode
 %&-line parsing enabled.
**TN510.tex
(./TN510.tex (./programma.sty)
Missing character: There is no à in font cmr10!
Missing character: There is no ù in font cmr10!
 [1{/var/lib/texmf/fonts/map/pdftex/updmap/pdftex.map}] [2] )</usr/share/texmf-
texlive/fonts/type1/public/amsfonts/cm/cmbx10.pfb></usr/share/texmf-texlive/fon
ts/type1/public/amsfonts/cm/cmbx7.pfb></usr/share/texmf-texlive/fonts/type1/pub
lic/amsfonts/cm/cmcsc10.pfb></usr/share/texmf-texlive/fonts/type1/public/amsfon
ts/cm/cmmi10.pfb></usr/share/texmf-texlive/fonts/type1/public/amsfonts/cm/cmr10
.pfb></usr/share/texmf-texlive/fonts/type1/public/amsfonts/cm/cmr7.pfb></usr/sh
are/texmf-texlive/fonts/type1/public/amsfonts/cm/cmsl10.pfb></usr/share/texmf-t
exlive/fonts/type1/public/amsfonts/cm/cmsy10.pfb>
Output written on TN510.pdf (2 pages, 114104 bytes).
PDF statistics:
 41 PDF objects out of 1000 (max. 8388607)
 0 named destinations out of 1000 (max. 500000)
 1 words of extra memory for PDF output out of 10000 (max. 10000000)

