99.12.10 09:43 B D:\web\matematica\didatticacds\cdl_no\MA2\1sett99.dvi <-- matrm3 /www/public/didatticacds/cdl_no/MA2 1sett99.dvi
99.12.10 09:43 B D:\web\matematica\didatticacds\cdl_no\MA2\1sett99.pdf <-- matrm3 /www/public/didatticacds/cdl_no/MA2 1sett99.pdf
99.12.10 09:43 B D:\web\matematica\didatticacds\cdl_no\MA2\1sett99.ps <-- matrm3 /www/public/didatticacds/cdl_no/MA2 1sett99.ps
99.12.10 09:43 B D:\web\matematica\didatticacds\cdl_no\MA2\26lug99.dvi <-- matrm3 /www/public/didatticacds/cdl_no/MA2 26lug99.dvi
99.12.10 09:43 B D:\web\matematica\didatticacds\cdl_no\MA2\26lug99.pdf <-- matrm3 /www/public/didatticacds/cdl_no/MA2 26lug99.pdf
99.12.10 09:43 B D:\web\matematica\didatticacds\cdl_no\MA2\26lug99.ps <-- matrm3 /www/public/didatticacds/cdl_no/MA2 26lug99.ps
99.12.10 09:43 B D:\web\matematica\didatticacds\cdl_no\MA2\30giu.dvi <-- matrm3 /www/public/didatticacds/cdl_no/MA2 30giu.dvi
99.12.10 09:43 B D:\web\matematica\didatticacds\cdl_no\MA2\30giu.pdf <-- matrm3 /www/public/didatticacds/cdl_no/MA2 30giu.pdf
99.12.10 09:43 B D:\web\matematica\didatticacds\cdl_no\MA2\30giu.ps <-- matrm3 /www/public/didatticacds/cdl_no/MA2 30giu.ps
99.12.10 09:43 B D:\web\matematica\didatticacds\cdl_no\MA2\9lug99.dvi <-- matrm3 /www/public/didatticacds/cdl_no/MA2 9lug99.dvi
99.12.10 09:43 B D:\web\matematica\didatticacds\cdl_no\MA2\9lug99.pdf <-- matrm3 /www/public/didatticacds/cdl_no/MA2 9lug99.pdf
99.12.10 09:43 B D:\web\matematica\didatticacds\cdl_no\MA2\9lug99.ps <-- matrm3 /www/public/didatticacds/cdl_no/MA2 9lug99.ps
99.12.10 09:43 B D:\web\matematica\didatticacds\cdl_no\MA2\bugs.gif <-- matrm3 /www/public/didatticacds/cdl_no/MA2 bugs.gif
99.12.10 09:43 B D:\web\matematica\didatticacds\cdl_no\MA2\calvin.gif <-- matrm3 /www/public/didatticacds/cdl_no/MA2 calvin.gif
99.12.10 09:43 B D:\web\matematica\didatticacds\cdl_no\MA2\finfil.dvi <-- matrm3 /www/public/didatticacds/cdl_no/MA2 finfil.dvi
99.12.10 09:43 B D:\web\matematica\didatticacds\cdl_no\MA2\finfil.pdf <-- matrm3 /www/public/didatticacds/cdl_no/MA2 finfil.pdf
99.12.10 09:43 B D:\web\matematica\didatticacds\cdl_no\MA2\finfil.ps <-- matrm3 /www/public/didatticacds/cdl_no/MA2 finfil.ps
99.12.10 09:43 B D:\web\matematica\didatticacds\cdl_no\MA2\index.html <-- matrm3 /www/public/didatticacds/cdl_no/MA2 index.html
99.12.10 09:43 B D:\web\matematica\didatticacds\cdl_no\MA2\jacko.gif <-- matrm3 /www/public/didatticacds/cdl_no/MA2 jacko.gif
99.12.10 09:43 B D:\web\matematica\didatticacds\cdl_no\MA2\MA2.html <-- matrm3 /www/public/didatticacds/cdl_no/MA2 MA2.html
99.12.10 09:43 B D:\web\matematica\didatticacds\cdl_no\MA2\Misc.dvi <-- matrm3 /www/public/didatticacds/cdl_no/MA2 Misc.dvi
99.12.10 09:43 B D:\web\matematica\didatticacds\cdl_no\MA2\Misc.pdf <-- matrm3 /www/public/didatticacds/cdl_no/MA2 Misc.pdf
99.12.10 09:43 B D:\web\matematica\didatticacds\cdl_no\MA2\Misc.ps <-- matrm3 /www/public/didatticacds/cdl_no/MA2 Misc.ps
99.12.10 09:43 B D:\web\matematica\didatticacds\cdl_no\MA2\ppanther02.gif <-- matrm3 /www/public/didatticacds/cdl_no/MA2 ppanther02.gif
99.12.10 09:43 B D:\web\matematica\didatticacds\cdl_no\MA2\q_mark1.gif <-- matrm3 /www/public/didatticacds/cdl_no/MA2 q_mark1.gif
99.12.10 09:43 B D:\web\matematica\didatticacds\cdl_no\MA2\RSA.dvi <-- matrm3 /www/public/didatticacds/cdl_no/MA2 RSA.dvi
99.12.10 09:43 B D:\web\matematica\didatticacds\cdl_no\MA2\RSA.pdf <-- matrm3 /www/public/didatticacds/cdl_no/MA2 RSA.pdf
99.12.10 09:43 B D:\web\matematica\didatticacds\cdl_no\MA2\RSA.ps <-- matrm3 /www/public/didatticacds/cdl_no/MA2 RSA.ps
99.12.10 09:43 B D:\web\matematica\didatticacds\cdl_no\MA2\snowmen8.gif <-- matrm3 /www/public/didatticacds/cdl_no/MA2 snowmen8.gif
99.12.10 09:43 B D:\web\matematica\didatticacds\cdl_no\MA2\T1.dvi <-- matrm3 /www/public/didatticacds/cdl_no/MA2 T1.dvi
99.12.10 09:43 B D:\web\matematica\didatticacds\cdl_no\MA2\T1.pdf <-- matrm3 /www/public/didatticacds/cdl_no/MA2 T1.pdf
99.12.10 09:43 B D:\web\matematica\didatticacds\cdl_no\MA2\T1.ps <-- matrm3 /www/public/didatticacds/cdl_no/MA2 T1.ps
99.12.10 09:43 B D:\web\matematica\didatticacds\cdl_no\MA2\T2.dvi <-- matrm3 /www/public/didatticacds/cdl_no/MA2 T2.dvi
99.12.10 09:43 B D:\web\matematica\didatticacds\cdl_no\MA2\T2.pdf <-- matrm3 /www/public/didatticacds/cdl_no/MA2 T2.pdf
99.12.10 09:43 B D:\web\matematica\didatticacds\cdl_no\MA2\T2.ps <-- matrm3 /www/public/didatticacds/cdl_no/MA2 T2.ps
99.12.10 09:43 B D:\web\matematica\didatticacds\cdl_no\MA2\T3.dvi <-- matrm3 /www/public/didatticacds/cdl_no/MA2 T3.dvi
99.12.10 09:43 B D:\web\matematica\didatticacds\cdl_no\MA2\T3.pdf <-- matrm3 /www/public/didatticacds/cdl_no/MA2 T3.pdf
99.12.10 09:43 B D:\web\matematica\didatticacds\cdl_no\MA2\T3.ps <-- matrm3 /www/public/didatticacds/cdl_no/MA2 T3.ps
99.12.10 09:43 B D:\web\matematica\didatticacds\cdl_no\MA2\T4.dvi <-- matrm3 /www/public/didatticacds/cdl_no/MA2 T4.dvi
99.12.10 09:43 B D:\web\matematica\didatticacds\cdl_no\MA2\T4.pdf <-- matrm3 /www/public/didatticacds/cdl_no/MA2 T4.pdf
99.12.10 09:43 B D:\web\matematica\didatticacds\cdl_no\MA2\T4.ps <-- matrm3 /www/public/didatticacds/cdl_no/MA2 T4.ps
99.12.10 09:43 B D:\web\matematica\didatticacds\cdl_no\MA2\T5.dvi <-- matrm3 /www/public/didatticacds/cdl_no/MA2 T5.dvi
99.12.10 09:43 B D:\web\matematica\didatticacds\cdl_no\MA2\T5.pdf <-- matrm3 /www/public/didatticacds/cdl_no/MA2 T5.pdf
99.12.10 09:43 B D:\web\matematica\didatticacds\cdl_no\MA2\T5.ps <-- matrm3 /www/public/didatticacds/cdl_no/MA2 T5.ps
99.12.10 09:43 B D:\web\matematica\didatticacds\cdl_no\MA2\T6.dvi <-- matrm3 /www/public/didatticacds/cdl_no/MA2 T6.dvi
99.12.10 09:43 B D:\web\matematica\didatticacds\cdl_no\MA2\T6.pdf <-- matrm3 /www/public/didatticacds/cdl_no/MA2 T6.pdf
99.12.10 09:43 B D:\web\matematica\didatticacds\cdl_no\MA2\T6.ps <-- matrm3 /www/public/didatticacds/cdl_no/MA2 T6.ps
99.12.10 09:43 B D:\web\matematica\didatticacds\cdl_no\MA2\Timest.dvi <-- matrm3 /www/public/didatticacds/cdl_no/MA2 Timest.dvi
99.12.10 09:43 B D:\web\matematica\didatticacds\cdl_no\MA2\Timest.pdf <-- matrm3 /www/public/didatticacds/cdl_no/MA2 Timest.pdf
99.12.10 09:43 B D:\web\matematica\didatticacds\cdl_no\MA2\Timest.ps <-- matrm3 /www/public/didatticacds/cdl_no/MA2 Timest.ps
100.03.28 14:39 B D:\web\matematica\didatticacds\cdl_no\MA2\1sett99.dvi --> www /www/public/didatticacds/cdl_no/MA2 1sett99.dvi
100.03.28 14:39 B D:\web\matematica\didatticacds\cdl_no\MA2\1sett99.pdf --> www /www/public/didatticacds/cdl_no/MA2 1sett99.pdf
100.03.28 14:39 B D:\web\matematica\didatticacds\cdl_no\MA2\1sett99.ps --> www /www/public/didatticacds/cdl_no/MA2 1sett99.ps
100.03.28 14:39 B D:\web\matematica\didatticacds\cdl_no\MA2\26lug99.dvi --> www /www/public/didatticacds/cdl_no/MA2 26lug99.dvi
100.03.28 14:39 B D:\web\matematica\didatticacds\cdl_no\MA2\26lug99.pdf --> www /www/public/didatticacds/cdl_no/MA2 26lug99.pdf
100.03.28 14:39 B D:\web\matematica\didatticacds\cdl_no\MA2\26lug99.ps --> www /www/public/didatticacds/cdl_no/MA2 26lug99.ps
100.03.28 14:39 B D:\web\matematica\didatticacds\cdl_no\MA2\30giu.dvi --> www /www/public/didatticacds/cdl_no/MA2 30giu.dvi
100.03.28 14:39 B D:\web\matematica\didatticacds\cdl_no\MA2\30giu.pdf --> www /www/public/didatticacds/cdl_no/MA2 30giu.pdf
100.03.28 14:39 B D:\web\matematica\didatticacds\cdl_no\MA2\30giu.ps --> www /www/public/didatticacds/cdl_no/MA2 30giu.ps
100.03.28 14:39 B D:\web\matematica\didatticacds\cdl_no\MA2\9lug99.dvi --> www /www/public/didatticacds/cdl_no/MA2 9lug99.dvi
100.03.28 14:39 B D:\web\matematica\didatticacds\cdl_no\MA2\9lug99.pdf --> www /www/public/didatticacds/cdl_no/MA2 9lug99.pdf
100.03.28 14:39 B D:\web\matematica\didatticacds\cdl_no\MA2\9lug99.ps --> www /www/public/didatticacds/cdl_no/MA2 9lug99.ps
100.03.28 14:39 B D:\web\matematica\didatticacds\cdl_no\MA2\bugs.gif --> www /www/public/didatticacds/cdl_no/MA2 bugs.gif
100.03.28 14:39 B D:\web\matematica\didatticacds\cdl_no\MA2\calvin.gif --> www /www/public/didatticacds/cdl_no/MA2 calvin.gif
100.03.28 14:39 B D:\web\matematica\didatticacds\cdl_no\MA2\finfil.dvi --> www /www/public/didatticacds/cdl_no/MA2 finfil.dvi
100.03.28 14:39 B D:\web\matematica\didatticacds\cdl_no\MA2\finfil.pdf --> www /www/public/didatticacds/cdl_no/MA2 finfil.pdf
100.03.28 14:39 B D:\web\matematica\didatticacds\cdl_no\MA2\finfil.ps --> www /www/public/didatticacds/cdl_no/MA2 finfil.ps
100.03.28 14:39 B D:\web\matematica\didatticacds\cdl_no\MA2\index.html --> www /www/public/didatticacds/cdl_no/MA2 index.html
100.03.28 14:39 B D:\web\matematica\didatticacds\cdl_no\MA2\jacko.gif --> www /www/public/didatticacds/cdl_no/MA2 jacko.gif
100.03.28 14:39 B D:\web\matematica\didatticacds\cdl_no\MA2\MA2.html --> www /www/public/didatticacds/cdl_no/MA2 MA2.html
100.03.28 14:39 B D:\web\matematica\didatticacds\cdl_no\MA2\Misc.dvi --> www /www/public/didatticacds/cdl_no/MA2 Misc.dvi
100.03.28 14:39 B D:\web\matematica\didatticacds\cdl_no\MA2\Misc.pdf --> www /www/public/didatticacds/cdl_no/MA2 Misc.pdf
100.03.28 14:39 B D:\web\matematica\didatticacds\cdl_no\MA2\Misc.ps --> www /www/public/didatticacds/cdl_no/MA2 Misc.ps
100.03.28 14:39 B D:\web\matematica\didatticacds\cdl_no\MA2\ppanther02.gif --> www /www/public/didatticacds/cdl_no/MA2 ppanther02.gif
100.03.28 14:39 B D:\web\matematica\didatticacds\cdl_no\MA2\q_mark1.gif --> www /www/public/didatticacds/cdl_no/MA2 q_mark1.gif
100.03.28 14:39 B D:\web\matematica\didatticacds\cdl_no\MA2\RSA.dvi --> www /www/public/didatticacds/cdl_no/MA2 RSA.dvi
100.03.28 14:39 B D:\web\matematica\didatticacds\cdl_no\MA2\RSA.pdf --> www /www/public/didatticacds/cdl_no/MA2 RSA.pdf
100.03.28 14:39 B D:\web\matematica\didatticacds\cdl_no\MA2\RSA.ps --> www /www/public/didatticacds/cdl_no/MA2 RSA.ps
100.03.28 14:39 B D:\web\matematica\didatticacds\cdl_no\MA2\snowmen8.gif --> www /www/public/didatticacds/cdl_no/MA2 snowmen8.gif
100.03.28 14:39 B D:\web\matematica\didatticacds\cdl_no\MA2\T1.dvi --> www /www/public/didatticacds/cdl_no/MA2 T1.dvi
100.03.28 14:39 B D:\web\matematica\didatticacds\cdl_no\MA2\T1.pdf --> www /www/public/didatticacds/cdl_no/MA2 T1.pdf
100.03.28 14:39 B D:\web\matematica\didatticacds\cdl_no\MA2\T1.ps --> www /www/public/didatticacds/cdl_no/MA2 T1.ps
100.03.28 14:39 B D:\web\matematica\didatticacds\cdl_no\MA2\T2.dvi --> www /www/public/didatticacds/cdl_no/MA2 T2.dvi
100.03.28 14:39 B D:\web\matematica\didatticacds\cdl_no\MA2\T2.pdf --> www /www/public/didatticacds/cdl_no/MA2 T2.pdf
100.03.28 14:40 B D:\web\matematica\didatticacds\cdl_no\MA2\T2.ps --> www /www/public/didatticacds/cdl_no/MA2 T2.ps
100.03.28 14:40 B D:\web\matematica\didatticacds\cdl_no\MA2\T3.dvi --> www /www/public/didatticacds/cdl_no/MA2 T3.dvi
100.03.28 14:40 B D:\web\matematica\didatticacds\cdl_no\MA2\T3.pdf --> www /www/public/didatticacds/cdl_no/MA2 T3.pdf
100.03.28 14:40 B D:\web\matematica\didatticacds\cdl_no\MA2\T3.ps --> www /www/public/didatticacds/cdl_no/MA2 T3.ps
100.03.28 14:40 B D:\web\matematica\didatticacds\cdl_no\MA2\T4.dvi --> www /www/public/didatticacds/cdl_no/MA2 T4.dvi
100.03.28 14:40 B D:\web\matematica\didatticacds\cdl_no\MA2\T4.pdf --> www /www/public/didatticacds/cdl_no/MA2 T4.pdf
100.03.28 14:40 B D:\web\matematica\didatticacds\cdl_no\MA2\T4.ps --> www /www/public/didatticacds/cdl_no/MA2 T4.ps
100.03.28 14:40 B D:\web\matematica\didatticacds\cdl_no\MA2\T5.dvi --> www /www/public/didatticacds/cdl_no/MA2 T5.dvi
100.03.28 14:40 B D:\web\matematica\didatticacds\cdl_no\MA2\T5.pdf --> www /www/public/didatticacds/cdl_no/MA2 T5.pdf
100.03.28 14:40 B D:\web\matematica\didatticacds\cdl_no\MA2\T5.ps --> www /www/public/didatticacds/cdl_no/MA2 T5.ps
100.03.28 14:40 B D:\web\matematica\didatticacds\cdl_no\MA2\T6.dvi --> www /www/public/didatticacds/cdl_no/MA2 T6.dvi
100.03.28 14:40 B D:\web\matematica\didatticacds\cdl_no\MA2\T6.pdf --> www /www/public/didatticacds/cdl_no/MA2 T6.pdf
100.03.28 14:40 B D:\web\matematica\didatticacds\cdl_no\MA2\T6.ps --> www /www/public/didatticacds/cdl_no/MA2 T6.ps
100.03.28 14:40 B D:\web\matematica\didatticacds\cdl_no\MA2\Timest.dvi --> www /www/public/didatticacds/cdl_no/MA2 Timest.dvi
100.03.28 14:40 B D:\web\matematica\didatticacds\cdl_no\MA2\Timest.pdf --> www /www/public/didatticacds/cdl_no/MA2 Timest.pdf
100.03.28 14:40 B D:\web\matematica\didatticacds\cdl_no\MA2\Timest.ps --> www /www/public/didatticacds/cdl_no/MA2 Timest.ps
100.03.28 14:40 B D:\web\matematica\didatticacds\cdl_no\MA2\WS_FTP.LOG --> www /www/public/didatticacds/cdl_no/MA2 WS_FTP.LOG
100.03.28 15:07 B D:\web\matematica\didatticacds\cdl_no\MA2\1sett99.dvi --> www /www/public/didatticacds/cdl_no/MA2 1sett99.dvi
100.03.28 15:07 B D:\web\matematica\didatticacds\cdl_no\MA2\1sett99.pdf --> www /www/public/didatticacds/cdl_no/MA2 1sett99.pdf
100.03.28 15:07 B D:\web\matematica\didatticacds\cdl_no\MA2\1sett99.ps --> www /www/public/didatticacds/cdl_no/MA2 1sett99.ps
100.03.28 15:07 B D:\web\matematica\didatticacds\cdl_no\MA2\26lug99.dvi --> www /www/public/didatticacds/cdl_no/MA2 26lug99.dvi
100.03.28 15:07 B D:\web\matematica\didatticacds\cdl_no\MA2\26lug99.pdf --> www /www/public/didatticacds/cdl_no/MA2 26lug99.pdf
100.03.28 15:07 B D:\web\matematica\didatticacds\cdl_no\MA2\26lug99.ps --> www /www/public/didatticacds/cdl_no/MA2 26lug99.ps
100.03.28 15:07 B D:\web\matematica\didatticacds\cdl_no\MA2\30giu.dvi --> www /www/public/didatticacds/cdl_no/MA2 30giu.dvi
100.03.28 15:07 B D:\web\matematica\didatticacds\cdl_no\MA2\30giu.pdf --> www /www/public/didatticacds/cdl_no/MA2 30giu.pdf
100.03.28 15:07 B D:\web\matematica\didatticacds\cdl_no\MA2\30giu.ps --> www /www/public/didatticacds/cdl_no/MA2 30giu.ps
100.03.28 15:07 B D:\web\matematica\didatticacds\cdl_no\MA2\9lug99.dvi --> www /www/public/didatticacds/cdl_no/MA2 9lug99.dvi
100.03.28 15:07 B D:\web\matematica\didatticacds\cdl_no\MA2\9lug99.pdf --> www /www/public/didatticacds/cdl_no/MA2 9lug99.pdf
100.03.28 15:07 B D:\web\matematica\didatticacds\cdl_no\MA2\9lug99.ps --> www /www/public/didatticacds/cdl_no/MA2 9lug99.ps
100.03.28 15:07 B D:\web\matematica\didatticacds\cdl_no\MA2\bugs.gif --> www /www/public/didatticacds/cdl_no/MA2 bugs.gif
100.03.28 15:07 B D:\web\matematica\didatticacds\cdl_no\MA2\calvin.gif --> www /www/public/didatticacds/cdl_no/MA2 calvin.gif
100.03.28 15:07 B D:\web\matematica\didatticacds\cdl_no\MA2\finfil.dvi --> www /www/public/didatticacds/cdl_no/MA2 finfil.dvi
100.03.28 15:07 B D:\web\matematica\didatticacds\cdl_no\MA2\finfil.pdf --> www /www/public/didatticacds/cdl_no/MA2 finfil.pdf
100.03.28 15:07 B D:\web\matematica\didatticacds\cdl_no\MA2\finfil.ps --> www /www/public/didatticacds/cdl_no/MA2 finfil.ps
100.03.28 15:07 B D:\web\matematica\didatticacds\cdl_no\MA2\index.html --> www /www/public/didatticacds/cdl_no/MA2 index.html
100.03.28 15:07 B D:\web\matematica\didatticacds\cdl_no\MA2\jacko.gif --> www /www/public/didatticacds/cdl_no/MA2 jacko.gif
100.03.28 15:07 B D:\web\matematica\didatticacds\cdl_no\MA2\MA2.html --> www /www/public/didatticacds/cdl_no/MA2 MA2.html
100.03.28 15:07 B D:\web\matematica\didatticacds\cdl_no\MA2\Misc.dvi --> www /www/public/didatticacds/cdl_no/MA2 Misc.dvi
100.03.28 15:07 B D:\web\matematica\didatticacds\cdl_no\MA2\Misc.pdf --> www /www/public/didatticacds/cdl_no/MA2 Misc.pdf
100.03.28 15:07 B D:\web\matematica\didatticacds\cdl_no\MA2\Misc.ps --> www /www/public/didatticacds/cdl_no/MA2 Misc.ps
100.03.28 15:07 B D:\web\matematica\didatticacds\cdl_no\MA2\ppanther02.gif --> www /www/public/didatticacds/cdl_no/MA2 ppanther02.gif
100.03.28 15:07 B D:\web\matematica\didatticacds\cdl_no\MA2\q_mark1.gif --> www /www/public/didatticacds/cdl_no/MA2 q_mark1.gif
100.03.28 15:07 B D:\web\matematica\didatticacds\cdl_no\MA2\RSA.dvi --> www /www/public/didatticacds/cdl_no/MA2 RSA.dvi
100.03.28 15:07 B D:\web\matematica\didatticacds\cdl_no\MA2\RSA.pdf --> www /www/public/didatticacds/cdl_no/MA2 RSA.pdf
100.03.28 15:07 B D:\web\matematica\didatticacds\cdl_no\MA2\RSA.ps --> www /www/public/didatticacds/cdl_no/MA2 RSA.ps
100.03.28 15:07 B D:\web\matematica\didatticacds\cdl_no\MA2\snowmen8.gif --> www /www/public/didatticacds/cdl_no/MA2 snowmen8.gif
100.03.28 15:07 B D:\web\matematica\didatticacds\cdl_no\MA2\T1.dvi --> www /www/public/didatticacds/cdl_no/MA2 T1.dvi
100.03.28 15:07 B D:\web\matematica\didatticacds\cdl_no\MA2\T1.pdf --> www /www/public/didatticacds/cdl_no/MA2 T1.pdf
100.03.28 15:07 B D:\web\matematica\didatticacds\cdl_no\MA2\T1.ps --> www /www/public/didatticacds/cdl_no/MA2 T1.ps
100.03.28 15:07 B D:\web\matematica\didatticacds\cdl_no\MA2\T2.dvi --> www /www/public/didatticacds/cdl_no/MA2 T2.dvi
100.03.28 15:07 B D:\web\matematica\didatticacds\cdl_no\MA2\T2.pdf --> www /www/public/didatticacds/cdl_no/MA2 T2.pdf
100.03.28 15:07 B D:\web\matematica\didatticacds\cdl_no\MA2\T2.ps --> www /www/public/didatticacds/cdl_no/MA2 T2.ps
100.03.28 15:07 B D:\web\matematica\didatticacds\cdl_no\MA2\T3.dvi --> www /www/public/didatticacds/cdl_no/MA2 T3.dvi
100.03.28 15:07 B D:\web\matematica\didatticacds\cdl_no\MA2\T3.pdf --> www /www/public/didatticacds/cdl_no/MA2 T3.pdf
100.03.28 15:07 B D:\web\matematica\didatticacds\cdl_no\MA2\T3.ps --> www /www/public/didatticacds/cdl_no/MA2 T3.ps
100.03.28 15:07 B D:\web\matematica\didatticacds\cdl_no\MA2\T4.dvi --> www /www/public/didatticacds/cdl_no/MA2 T4.dvi
100.03.28 15:07 B D:\web\matematica\didatticacds\cdl_no\MA2\T4.pdf --> www /www/public/didatticacds/cdl_no/MA2 T4.pdf
100.03.28 15:07 B D:\web\matematica\didatticacds\cdl_no\MA2\T4.ps --> www /www/public/didatticacds/cdl_no/MA2 T4.ps
100.03.28 15:07 B D:\web\matematica\didatticacds\cdl_no\MA2\T5.dvi --> www /www/public/didatticacds/cdl_no/MA2 T5.dvi
100.03.28 15:07 B D:\web\matematica\didatticacds\cdl_no\MA2\T5.pdf --> www /www/public/didatticacds/cdl_no/MA2 T5.pdf
100.03.28 15:07 B D:\web\matematica\didatticacds\cdl_no\MA2\T5.ps --> www /www/public/didatticacds/cdl_no/MA2 T5.ps
100.03.28 15:07 B D:\web\matematica\didatticacds\cdl_no\MA2\T6.dvi --> www /www/public/didatticacds/cdl_no/MA2 T6.dvi
100.03.28 15:07 B D:\web\matematica\didatticacds\cdl_no\MA2\T6.pdf --> www /www/public/didatticacds/cdl_no/MA2 T6.pdf
100.03.28 15:07 B D:\web\matematica\didatticacds\cdl_no\MA2\T6.ps --> www /www/public/didatticacds/cdl_no/MA2 T6.ps
100.03.28 15:07 B D:\web\matematica\didatticacds\cdl_no\MA2\Timest.dvi --> www /www/public/didatticacds/cdl_no/MA2 Timest.dvi
100.03.28 15:07 B D:\web\matematica\didatticacds\cdl_no\MA2\Timest.pdf --> www /www/public/didatticacds/cdl_no/MA2 Timest.pdf
100.03.28 15:07 B D:\web\matematica\didatticacds\cdl_no\MA2\Timest.ps --> www /www/public/didatticacds/cdl_no/MA2 Timest.ps
100.03.28 15:07 B D:\web\matematica\didatticacds\cdl_no\MA2\WS_FTP.LOG --> www /www/public/didatticacds/cdl_no/MA2 WS_FTP.LOG
100.03.28 15:21 B D:\web\matematica\didatticacds\cdl_no\MA2\1sett99.dvi --> www /www/public/didatticacds/cdl_no/MA2 1sett99.dvi
100.03.28 15:21 B D:\web\matematica\didatticacds\cdl_no\MA2\1sett99.pdf --> www /www/public/didatticacds/cdl_no/MA2 1sett99.pdf
100.03.28 15:21 B D:\web\matematica\didatticacds\cdl_no\MA2\1sett99.ps --> www /www/public/didatticacds/cdl_no/MA2 1sett99.ps
100.03.28 15:21 B D:\web\matematica\didatticacds\cdl_no\MA2\26lug99.dvi --> www /www/public/didatticacds/cdl_no/MA2 26lug99.dvi
100.03.28 15:21 B D:\web\matematica\didatticacds\cdl_no\MA2\26lug99.pdf --> www /www/public/didatticacds/cdl_no/MA2 26lug99.pdf
100.03.28 15:21 B D:\web\matematica\didatticacds\cdl_no\MA2\26lug99.ps --> www /www/public/didatticacds/cdl_no/MA2 26lug99.ps
100.03.28 15:21 B D:\web\matematica\didatticacds\cdl_no\MA2\30giu.dvi --> www /www/public/didatticacds/cdl_no/MA2 30giu.dvi
100.03.28 15:21 B D:\web\matematica\didatticacds\cdl_no\MA2\30giu.pdf --> www /www/public/didatticacds/cdl_no/MA2 30giu.pdf
100.03.28 15:21 B D:\web\matematica\didatticacds\cdl_no\MA2\30giu.ps --> www /www/public/didatticacds/cdl_no/MA2 30giu.ps
100.03.28 15:21 B D:\web\matematica\didatticacds\cdl_no\MA2\9lug99.dvi --> www /www/public/didatticacds/cdl_no/MA2 9lug99.dvi
100.03.28 15:21 B D:\web\matematica\didatticacds\cdl_no\MA2\9lug99.pdf --> www /www/public/didatticacds/cdl_no/MA2 9lug99.pdf
100.03.28 15:21 B D:\web\matematica\didatticacds\cdl_no\MA2\9lug99.ps --> www /www/public/didatticacds/cdl_no/MA2 9lug99.ps
100.03.28 15:21 B D:\web\matematica\didatticacds\cdl_no\MA2\bugs.gif --> www /www/public/didatticacds/cdl_no/MA2 bugs.gif
100.03.28 15:21 B D:\web\matematica\didatticacds\cdl_no\MA2\calvin.gif --> www /www/public/didatticacds/cdl_no/MA2 calvin.gif
100.03.28 15:21 B D:\web\matematica\didatticacds\cdl_no\MA2\finfil.dvi --> www /www/public/didatticacds/cdl_no/MA2 finfil.dvi
100.03.28 15:21 B D:\web\matematica\didatticacds\cdl_no\MA2\finfil.pdf --> www /www/public/didatticacds/cdl_no/MA2 finfil.pdf
100.03.28 15:21 B D:\web\matematica\didatticacds\cdl_no\MA2\finfil.ps --> www /www/public/didatticacds/cdl_no/MA2 finfil.ps
100.03.28 15:21 B D:\web\matematica\didatticacds\cdl_no\MA2\index.html --> www /www/public/didatticacds/cdl_no/MA2 index.html
100.03.28 15:21 B D:\web\matematica\didatticacds\cdl_no\MA2\jacko.gif --> www /www/public/didatticacds/cdl_no/MA2 jacko.gif
100.03.28 15:21 B D:\web\matematica\didatticacds\cdl_no\MA2\MA2.html --> www /www/public/didatticacds/cdl_no/MA2 MA2.html
100.03.28 15:21 B D:\web\matematica\didatticacds\cdl_no\MA2\Misc.dvi --> www /www/public/didatticacds/cdl_no/MA2 Misc.dvi
100.03.28 15:21 B D:\web\matematica\didatticacds\cdl_no\MA2\Misc.pdf --> www /www/public/didatticacds/cdl_no/MA2 Misc.pdf
100.03.28 15:21 B D:\web\matematica\didatticacds\cdl_no\MA2\Misc.ps --> www /www/public/didatticacds/cdl_no/MA2 Misc.ps
100.03.28 15:21 B D:\web\matematica\didatticacds\cdl_no\MA2\ppanther02.gif --> www /www/public/didatticacds/cdl_no/MA2 ppanther02.gif
100.03.28 15:21 B D:\web\matematica\didatticacds\cdl_no\MA2\q_mark1.gif --> www /www/public/didatticacds/cdl_no/MA2 q_mark1.gif
100.03.28 15:21 B D:\web\matematica\didatticacds\cdl_no\MA2\RSA.dvi --> www /www/public/didatticacds/cdl_no/MA2 RSA.dvi
100.03.28 15:21 B D:\web\matematica\didatticacds\cdl_no\MA2\RSA.pdf --> www /www/public/didatticacds/cdl_no/MA2 RSA.pdf
100.03.28 15:21 B D:\web\matematica\didatticacds\cdl_no\MA2\RSA.ps --> www /www/public/didatticacds/cdl_no/MA2 RSA.ps
100.03.28 15:21 B D:\web\matematica\didatticacds\cdl_no\MA2\snowmen8.gif --> www /www/public/didatticacds/cdl_no/MA2 snowmen8.gif
100.03.28 15:21 B D:\web\matematica\didatticacds\cdl_no\MA2\T1.dvi --> www /www/public/didatticacds/cdl_no/MA2 T1.dvi
100.03.28 15:21 B D:\web\matematica\didatticacds\cdl_no\MA2\T1.pdf --> www /www/public/didatticacds/cdl_no/MA2 T1.pdf
100.03.28 15:21 B D:\web\matematica\didatticacds\cdl_no\MA2\T1.ps --> www /www/public/didatticacds/cdl_no/MA2 T1.ps
100.03.28 15:21 B D:\web\matematica\didatticacds\cdl_no\MA2\T2.dvi --> www /www/public/didatticacds/cdl_no/MA2 T2.dvi
100.03.28 15:21 B D:\web\matematica\didatticacds\cdl_no\MA2\T2.pdf --> www /www/public/didatticacds/cdl_no/MA2 T2.pdf
100.03.28 15:21 B D:\web\matematica\didatticacds\cdl_no\MA2\T2.ps --> www /www/public/didatticacds/cdl_no/MA2 T2.ps
100.03.28 15:21 B D:\web\matematica\didatticacds\cdl_no\MA2\T3.dvi --> www /www/public/didatticacds/cdl_no/MA2 T3.dvi
100.03.28 15:21 B D:\web\matematica\didatticacds\cdl_no\MA2\T3.pdf --> www /www/public/didatticacds/cdl_no/MA2 T3.pdf
100.03.28 15:21 B D:\web\matematica\didatticacds\cdl_no\MA2\T3.ps --> www /www/public/didatticacds/cdl_no/MA2 T3.ps
100.03.28 15:21 B D:\web\matematica\didatticacds\cdl_no\MA2\T4.dvi --> www /www/public/didatticacds/cdl_no/MA2 T4.dvi
100.03.28 15:21 B D:\web\matematica\didatticacds\cdl_no\MA2\T4.pdf --> www /www/public/didatticacds/cdl_no/MA2 T4.pdf
100.03.28 15:21 B D:\web\matematica\didatticacds\cdl_no\MA2\T4.ps --> www /www/public/didatticacds/cdl_no/MA2 T4.ps
100.03.28 15:21 B D:\web\matematica\didatticacds\cdl_no\MA2\T5.dvi --> www /www/public/didatticacds/cdl_no/MA2 T5.dvi
100.03.28 15:21 B D:\web\matematica\didatticacds\cdl_no\MA2\T5.pdf --> www /www/public/didatticacds/cdl_no/MA2 T5.pdf
100.03.28 15:21 B D:\web\matematica\didatticacds\cdl_no\MA2\T5.ps --> www /www/public/didatticacds/cdl_no/MA2 T5.ps
100.03.28 15:21 B D:\web\matematica\didatticacds\cdl_no\MA2\T6.dvi --> www /www/public/didatticacds/cdl_no/MA2 T6.dvi
100.03.28 15:21 B D:\web\matematica\didatticacds\cdl_no\MA2\T6.pdf --> www /www/public/didatticacds/cdl_no/MA2 T6.pdf
100.03.28 15:21 B D:\web\matematica\didatticacds\cdl_no\MA2\T6.ps --> www /www/public/didatticacds/cdl_no/MA2 T6.ps
100.03.28 15:21 B D:\web\matematica\didatticacds\cdl_no\MA2\Timest.dvi --> www /www/public/didatticacds/cdl_no/MA2 Timest.dvi
100.03.28 15:21 B D:\web\matematica\didatticacds\cdl_no\MA2\Timest.pdf --> www /www/public/didatticacds/cdl_no/MA2 Timest.pdf
100.03.28 15:21 B D:\web\matematica\didatticacds\cdl_no\MA2\Timest.ps --> www /www/public/didatticacds/cdl_no/MA2 Timest.ps
100.09.14 11:02 B D:\web\matematica\didatticacds\cdl_no\MA2\WS_FTP.LOG <-- www /www/public/didatticacds/cdl_no/MA2 WS_FTP.LOG
