This is pdfTeX, Version 3.1415926-2.5-1.40.14 (TeX Live 2013/Debian) (format=pdftex 2014.5.27)  13 JUL 2015 19:13
entering extended mode
 restricted \write18 enabled.
 %&-line parsing enabled.
**CR410_12_13_B.tex
(./CR410_12_13_B.tex
Overfull \vbox (270.52756pt too high) has occurred while \output is active
\vbox(0.0+0.0)x554.82874
.\glue -22.5
.\hbox(8.5+0.0)x554.82874, glue set 554.82874fil
..\vbox(8.5+0.0)x0.0
..\glue 0.0 plus 1.0fil
.\glue 284.52756


[1{/var/lib/texmf/fonts/map/pdftex/updmap/pdftex.map}]
Overfull \vbox (270.52756pt too high) has occurred while \output is active
\vbox(0.0+0.0)x554.82874
.\glue -22.5
.\hbox(8.5+0.0)x554.82874, glue set 554.82874fil
..\vbox(8.5+0.0)x0.0
..\glue 0.0 plus 1.0fil
.\glue 284.52756


[2]
Overfull \vbox (270.52756pt too high) has occurred while \output is active
\vbox(0.0+0.0)x554.82874
.\glue -22.5
.\hbox(8.5+0.0)x554.82874, glue set 554.82874fil
..\vbox(8.5+0.0)x0.0
..\glue 0.0 plus 1.0fil
.\glue 284.52756


[3]
Missing character: There is no â in font cmr10!
Missing character: There is no ˆ in font cmr10!
Missing character: There is no ’ in font cmr10!

Overfull \vbox (270.52756pt too high) has occurred while \output is active
\vbox(0.0+0.0)x554.82874
.\glue -22.5
.\hbox(8.5+0.0)x554.82874, glue set 554.82874fil
..\vbox(8.5+0.0)x0.0
..\glue 0.0 plus 1.0fil
.\glue 284.52756


[4] )</usr/share/texlive/texmf-dist/fonts/type1/public/amsfonts/cm/cmbx10.pfb><
/usr/share/texlive/texmf-dist/fonts/type1/public/amsfonts/cm/cmmi10.pfb></usr/s
hare/texlive/texmf-dist/fonts/type1/public/amsfonts/cm/cmr10.pfb></usr/share/te
xlive/texmf-dist/fonts/type1/public/amsfonts/cm/cmr5.pfb></usr/share/texlive/te
xmf-dist/fonts/type1/public/amsfonts/cm/cmr7.pfb></usr/share/texlive/texmf-dist
/fonts/type1/public/amsfonts/cm/cmsy10.pfb></usr/share/texlive/texmf-dist/fonts
/type1/public/amsfonts/cm/cmti10.pfb></usr/share/texlive/texmf-dist/fonts/type1
/public/amsfonts/cm/cmti12.pfb>
Output written on CR410_12_13_B.pdf (4 pages, 87315 bytes).
PDF statistics:
 49 PDF objects out of 1000 (max. 8388607)
 34 compressed objects within 1 object stream
 0 named destinations out of 1000 (max. 500000)
 1 words of extra memory for PDF output out of 10000 (max. 10000000)

