vti_encoding:SR|utf8-nl
vti_timelastmodified:TR|10 Dec 1999 08:43:26 -0000
vti_extenderversion:SR|4.0.2.2717
100.03.28 14:39 B D:\web\matematica\didatticacds\cdl_no\MA2\_vti_cnf\1sett99.dvi --> www /www/public/didatticacds/cdl_no/MA2/_vti_cnf 1sett99.dvi
100.03.28 14:39 B D:\web\matematica\didatticacds\cdl_no\MA2\_vti_cnf\1sett99.pdf --> www /www/public/didatticacds/cdl_no/MA2/_vti_cnf 1sett99.pdf
100.03.28 14:39 B D:\web\matematica\didatticacds\cdl_no\MA2\_vti_cnf\1sett99.ps --> www /www/public/didatticacds/cdl_no/MA2/_vti_cnf 1sett99.ps
100.03.28 14:39 B D:\web\matematica\didatticacds\cdl_no\MA2\_vti_cnf\26lug99.dvi --> www /www/public/didatticacds/cdl_no/MA2/_vti_cnf 26lug99.dvi
100.03.28 14:39 B D:\web\matematica\didatticacds\cdl_no\MA2\_vti_cnf\26lug99.pdf --> www /www/public/didatticacds/cdl_no/MA2/_vti_cnf 26lug99.pdf
100.03.28 14:39 B D:\web\matematica\didatticacds\cdl_no\MA2\_vti_cnf\26lug99.ps --> www /www/public/didatticacds/cdl_no/MA2/_vti_cnf 26lug99.ps
100.03.28 14:39 B D:\web\matematica\didatticacds\cdl_no\MA2\_vti_cnf\30giu.dvi --> www /www/public/didatticacds/cdl_no/MA2/_vti_cnf 30giu.dvi
100.03.28 14:39 B D:\web\matematica\didatticacds\cdl_no\MA2\_vti_cnf\30giu.pdf --> www /www/public/didatticacds/cdl_no/MA2/_vti_cnf 30giu.pdf
100.03.28 14:39 B D:\web\matematica\didatticacds\cdl_no\MA2\_vti_cnf\30giu.ps --> www /www/public/didatticacds/cdl_no/MA2/_vti_cnf 30giu.ps
100.03.28 14:39 B D:\web\matematica\didatticacds\cdl_no\MA2\_vti_cnf\9lug99.dvi --> www /www/public/didatticacds/cdl_no/MA2/_vti_cnf 9lug99.dvi
100.03.28 14:39 B D:\web\matematica\didatticacds\cdl_no\MA2\_vti_cnf\9lug99.pdf --> www /www/public/didatticacds/cdl_no/MA2/_vti_cnf 9lug99.pdf
100.03.28 14:39 B D:\web\matematica\didatticacds\cdl_no\MA2\_vti_cnf\9lug99.ps --> www /www/public/didatticacds/cdl_no/MA2/_vti_cnf 9lug99.ps
100.03.28 14:39 B D:\web\matematica\didatticacds\cdl_no\MA2\_vti_cnf\bugs.gif --> www /www/public/didatticacds/cdl_no/MA2/_vti_cnf bugs.gif
100.03.28 14:39 B D:\web\matematica\didatticacds\cdl_no\MA2\_vti_cnf\calvin.gif --> www /www/public/didatticacds/cdl_no/MA2/_vti_cnf calvin.gif
100.03.28 14:39 B D:\web\matematica\didatticacds\cdl_no\MA2\_vti_cnf\finfil.dvi --> www /www/public/didatticacds/cdl_no/MA2/_vti_cnf finfil.dvi
100.03.28 14:39 B D:\web\matematica\didatticacds\cdl_no\MA2\_vti_cnf\finfil.pdf --> www /www/public/didatticacds/cdl_no/MA2/_vti_cnf finfil.pdf
100.03.28 14:39 B D:\web\matematica\didatticacds\cdl_no\MA2\_vti_cnf\finfil.ps --> www /www/public/didatticacds/cdl_no/MA2/_vti_cnf finfil.ps
100.03.28 14:39 B D:\web\matematica\didatticacds\cdl_no\MA2\_vti_cnf\index.html --> www /www/public/didatticacds/cdl_no/MA2/_vti_cnf index.html
100.03.28 14:39 B D:\web\matematica\didatticacds\cdl_no\MA2\_vti_cnf\jacko.gif --> www /www/public/didatticacds/cdl_no/MA2/_vti_cnf jacko.gif
100.03.28 14:39 B D:\web\matematica\didatticacds\cdl_no\MA2\_vti_cnf\MA2.html --> www /www/public/didatticacds/cdl_no/MA2/_vti_cnf MA2.html
100.03.28 14:39 B D:\web\matematica\didatticacds\cdl_no\MA2\_vti_cnf\Misc.dvi --> www /www/public/didatticacds/cdl_no/MA2/_vti_cnf Misc.dvi
100.03.28 14:39 B D:\web\matematica\didatticacds\cdl_no\MA2\_vti_cnf\Misc.pdf --> www /www/public/didatticacds/cdl_no/MA2/_vti_cnf Misc.pdf
100.03.28 14:39 B D:\web\matematica\didatticacds\cdl_no\MA2\_vti_cnf\Misc.ps --> www /www/public/didatticacds/cdl_no/MA2/_vti_cnf Misc.ps
100.03.28 14:39 B D:\web\matematica\didatticacds\cdl_no\MA2\_vti_cnf\ppanther02.gif --> www /www/public/didatticacds/cdl_no/MA2/_vti_cnf ppanther02.gif
100.03.28 14:39 B D:\web\matematica\didatticacds\cdl_no\MA2\_vti_cnf\q_mark1.gif --> www /www/public/didatticacds/cdl_no/MA2/_vti_cnf q_mark1.gif
100.03.28 14:39 B D:\web\matematica\didatticacds\cdl_no\MA2\_vti_cnf\RSA.dvi --> www /www/public/didatticacds/cdl_no/MA2/_vti_cnf RSA.dvi
100.03.28 14:39 B D:\web\matematica\didatticacds\cdl_no\MA2\_vti_cnf\RSA.pdf --> www /www/public/didatticacds/cdl_no/MA2/_vti_cnf RSA.pdf
100.03.28 14:39 B D:\web\matematica\didatticacds\cdl_no\MA2\_vti_cnf\RSA.ps --> www /www/public/didatticacds/cdl_no/MA2/_vti_cnf RSA.ps
100.03.28 14:39 B D:\web\matematica\didatticacds\cdl_no\MA2\_vti_cnf\snowmen8.gif --> www /www/public/didatticacds/cdl_no/MA2/_vti_cnf snowmen8.gif
100.03.28 14:39 B D:\web\matematica\didatticacds\cdl_no\MA2\_vti_cnf\T1.dvi --> www /www/public/didatticacds/cdl_no/MA2/_vti_cnf T1.dvi
100.03.28 14:39 B D:\web\matematica\didatticacds\cdl_no\MA2\_vti_cnf\T1.pdf --> www /www/public/didatticacds/cdl_no/MA2/_vti_cnf T1.pdf
100.03.28 14:39 B D:\web\matematica\didatticacds\cdl_no\MA2\_vti_cnf\T1.ps --> www /www/public/didatticacds/cdl_no/MA2/_vti_cnf T1.ps
100.03.28 14:39 B D:\web\matematica\didatticacds\cdl_no\MA2\_vti_cnf\T2.dvi --> www /www/public/didatticacds/cdl_no/MA2/_vti_cnf T2.dvi
100.03.28 14:39 B D:\web\matematica\didatticacds\cdl_no\MA2\_vti_cnf\T2.pdf --> www /www/public/didatticacds/cdl_no/MA2/_vti_cnf T2.pdf
100.03.28 14:39 B D:\web\matematica\didatticacds\cdl_no\MA2\_vti_cnf\T2.ps --> www /www/public/didatticacds/cdl_no/MA2/_vti_cnf T2.ps
100.03.28 14:39 B D:\web\matematica\didatticacds\cdl_no\MA2\_vti_cnf\T3.dvi --> www /www/public/didatticacds/cdl_no/MA2/_vti_cnf T3.dvi
100.03.28 14:39 B D:\web\matematica\didatticacds\cdl_no\MA2\_vti_cnf\T3.pdf --> www /www/public/didatticacds/cdl_no/MA2/_vti_cnf T3.pdf
100.03.28 14:39 B D:\web\matematica\didatticacds\cdl_no\MA2\_vti_cnf\T3.ps --> www /www/public/didatticacds/cdl_no/MA2/_vti_cnf T3.ps
100.03.28 14:39 B D:\web\matematica\didatticacds\cdl_no\MA2\_vti_cnf\T4.dvi --> www /www/public/didatticacds/cdl_no/MA2/_vti_cnf T4.dvi
100.03.28 14:39 B D:\web\matematica\didatticacds\cdl_no\MA2\_vti_cnf\T4.pdf --> www /www/public/didatticacds/cdl_no/MA2/_vti_cnf T4.pdf
100.03.28 14:39 B D:\web\matematica\didatticacds\cdl_no\MA2\_vti_cnf\T4.ps --> www /www/public/didatticacds/cdl_no/MA2/_vti_cnf T4.ps
100.03.28 14:39 B D:\web\matematica\didatticacds\cdl_no\MA2\_vti_cnf\T5.dvi --> www /www/public/didatticacds/cdl_no/MA2/_vti_cnf T5.dvi
100.03.28 14:39 B D:\web\matematica\didatticacds\cdl_no\MA2\_vti_cnf\T5.pdf --> www /www/public/didatticacds/cdl_no/MA2/_vti_cnf T5.pdf
100.03.28 14:39 B D:\web\matematica\didatticacds\cdl_no\MA2\_vti_cnf\T5.ps --> www /www/public/didatticacds/cdl_no/MA2/_vti_cnf T5.ps
100.03.28 14:39 B D:\web\matematica\didatticacds\cdl_no\MA2\_vti_cnf\T6.dvi --> www /www/public/didatticacds/cdl_no/MA2/_vti_cnf T6.dvi
100.03.28 14:39 B D:\web\matematica\didatticacds\cdl_no\MA2\_vti_cnf\T6.pdf --> www /www/public/didatticacds/cdl_no/MA2/_vti_cnf T6.pdf
100.03.28 14:39 B D:\web\matematica\didatticacds\cdl_no\MA2\_vti_cnf\T6.ps --> www /www/public/didatticacds/cdl_no/MA2/_vti_cnf T6.ps
100.03.28 14:39 B D:\web\matematica\didatticacds\cdl_no\MA2\_vti_cnf\Timest.dvi --> www /www/public/didatticacds/cdl_no/MA2/_vti_cnf Timest.dvi
100.03.28 14:39 B D:\web\matematica\didatticacds\cdl_no\MA2\_vti_cnf\Timest.pdf --> www /www/public/didatticacds/cdl_no/MA2/_vti_cnf Timest.pdf
100.03.28 14:39 B D:\web\matematica\didatticacds\cdl_no\MA2\_vti_cnf\Timest.ps --> www /www/public/didatticacds/cdl_no/MA2/_vti_cnf Timest.ps
100.03.28 14:39 B D:\web\matematica\didatticacds\cdl_no\MA2\_vti_cnf\WS_FTP.LOG --> www /www/public/didatticacds/cdl_no/MA2/_vti_cnf WS_FTP.LOG
100.03.28 15:06 B D:\web\matematica\didatticacds\cdl_no\MA2\_vti_cnf\1sett99.dvi --> www /www/public/didatticacds/cdl_no/MA2/_vti_cnf 1sett99.dvi
100.03.28 15:06 B D:\web\matematica\didatticacds\cdl_no\MA2\_vti_cnf\1sett99.pdf --> www /www/public/didatticacds/cdl_no/MA2/_vti_cnf 1sett99.pdf
100.03.28 15:06 B D:\web\matematica\didatticacds\cdl_no\MA2\_vti_cnf\1sett99.ps --> www /www/public/didatticacds/cdl_no/MA2/_vti_cnf 1sett99.ps
100.03.28 15:06 B D:\web\matematica\didatticacds\cdl_no\MA2\_vti_cnf\26lug99.dvi --> www /www/public/didatticacds/cdl_no/MA2/_vti_cnf 26lug99.dvi
100.03.28 15:06 B D:\web\matematica\didatticacds\cdl_no\MA2\_vti_cnf\26lug99.pdf --> www /www/public/didatticacds/cdl_no/MA2/_vti_cnf 26lug99.pdf
100.03.28 15:06 B D:\web\matematica\didatticacds\cdl_no\MA2\_vti_cnf\26lug99.ps --> www /www/public/didatticacds/cdl_no/MA2/_vti_cnf 26lug99.ps
100.03.28 15:06 B D:\web\matematica\didatticacds\cdl_no\MA2\_vti_cnf\30giu.dvi --> www /www/public/didatticacds/cdl_no/MA2/_vti_cnf 30giu.dvi
100.03.28 15:06 B D:\web\matematica\didatticacds\cdl_no\MA2\_vti_cnf\30giu.pdf --> www /www/public/didatticacds/cdl_no/MA2/_vti_cnf 30giu.pdf
100.03.28 15:06 B D:\web\matematica\didatticacds\cdl_no\MA2\_vti_cnf\30giu.ps --> www /www/public/didatticacds/cdl_no/MA2/_vti_cnf 30giu.ps
100.03.28 15:06 B D:\web\matematica\didatticacds\cdl_no\MA2\_vti_cnf\9lug99.dvi --> www /www/public/didatticacds/cdl_no/MA2/_vti_cnf 9lug99.dvi
100.03.28 15:06 B D:\web\matematica\didatticacds\cdl_no\MA2\_vti_cnf\9lug99.pdf --> www /www/public/didatticacds/cdl_no/MA2/_vti_cnf 9lug99.pdf
100.03.28 15:06 B D:\web\matematica\didatticacds\cdl_no\MA2\_vti_cnf\9lug99.ps --> www /www/public/didatticacds/cdl_no/MA2/_vti_cnf 9lug99.ps
100.03.28 15:06 B D:\web\matematica\didatticacds\cdl_no\MA2\_vti_cnf\bugs.gif --> www /www/public/didatticacds/cdl_no/MA2/_vti_cnf bugs.gif
100.03.28 15:06 B D:\web\matematica\didatticacds\cdl_no\MA2\_vti_cnf\calvin.gif --> www /www/public/didatticacds/cdl_no/MA2/_vti_cnf calvin.gif
100.03.28 15:06 B D:\web\matematica\didatticacds\cdl_no\MA2\_vti_cnf\finfil.dvi --> www /www/public/didatticacds/cdl_no/MA2/_vti_cnf finfil.dvi
100.03.28 15:06 B D:\web\matematica\didatticacds\cdl_no\MA2\_vti_cnf\finfil.pdf --> www /www/public/didatticacds/cdl_no/MA2/_vti_cnf finfil.pdf
100.03.28 15:06 B D:\web\matematica\didatticacds\cdl_no\MA2\_vti_cnf\finfil.ps --> www /www/public/didatticacds/cdl_no/MA2/_vti_cnf finfil.ps
100.03.28 15:06 B D:\web\matematica\didatticacds\cdl_no\MA2\_vti_cnf\index.html --> www /www/public/didatticacds/cdl_no/MA2/_vti_cnf index.html
100.03.28 15:06 B D:\web\matematica\didatticacds\cdl_no\MA2\_vti_cnf\jacko.gif --> www /www/public/didatticacds/cdl_no/MA2/_vti_cnf jacko.gif
100.03.28 15:07 B D:\web\matematica\didatticacds\cdl_no\MA2\_vti_cnf\MA2.html --> www /www/public/didatticacds/cdl_no/MA2/_vti_cnf MA2.html
100.03.28 15:07 B D:\web\matematica\didatticacds\cdl_no\MA2\_vti_cnf\Misc.dvi --> www /www/public/didatticacds/cdl_no/MA2/_vti_cnf Misc.dvi
100.03.28 15:07 B D:\web\matematica\didatticacds\cdl_no\MA2\_vti_cnf\Misc.pdf --> www /www/public/didatticacds/cdl_no/MA2/_vti_cnf Misc.pdf
100.03.28 15:07 B D:\web\matematica\didatticacds\cdl_no\MA2\_vti_cnf\Misc.ps --> www /www/public/didatticacds/cdl_no/MA2/_vti_cnf Misc.ps
100.03.28 15:07 B D:\web\matematica\didatticacds\cdl_no\MA2\_vti_cnf\ppanther02.gif --> www /www/public/didatticacds/cdl_no/MA2/_vti_cnf ppanther02.gif
100.03.28 15:07 B D:\web\matematica\didatticacds\cdl_no\MA2\_vti_cnf\q_mark1.gif --> www /www/public/didatticacds/cdl_no/MA2/_vti_cnf q_mark1.gif
100.03.28 15:07 B D:\web\matematica\didatticacds\cdl_no\MA2\_vti_cnf\RSA.dvi --> www /www/public/didatticacds/cdl_no/MA2/_vti_cnf RSA.dvi
100.03.28 15:07 B D:\web\matematica\didatticacds\cdl_no\MA2\_vti_cnf\RSA.pdf --> www /www/public/didatticacds/cdl_no/MA2/_vti_cnf RSA.pdf
100.03.28 15:07 B D:\web\matematica\didatticacds\cdl_no\MA2\_vti_cnf\RSA.ps --> www /www/public/didatticacds/cdl_no/MA2/_vti_cnf RSA.ps
100.03.28 15:07 B D:\web\matematica\didatticacds\cdl_no\MA2\_vti_cnf\snowmen8.gif --> www /www/public/didatticacds/cdl_no/MA2/_vti_cnf snowmen8.gif
100.03.28 15:07 B D:\web\matematica\didatticacds\cdl_no\MA2\_vti_cnf\T1.dvi --> www /www/public/didatticacds/cdl_no/MA2/_vti_cnf T1.dvi
100.03.28 15:07 B D:\web\matematica\didatticacds\cdl_no\MA2\_vti_cnf\T1.pdf --> www /www/public/didatticacds/cdl_no/MA2/_vti_cnf T1.pdf
100.03.28 15:07 B D:\web\matematica\didatticacds\cdl_no\MA2\_vti_cnf\T1.ps --> www /www/public/didatticacds/cdl_no/MA2/_vti_cnf T1.ps
100.03.28 15:07 B D:\web\matematica\didatticacds\cdl_no\MA2\_vti_cnf\T2.dvi --> www /www/public/didatticacds/cdl_no/MA2/_vti_cnf T2.dvi
100.03.28 15:07 B D:\web\matematica\didatticacds\cdl_no\MA2\_vti_cnf\T2.pdf --> www /www/public/didatticacds/cdl_no/MA2/_vti_cnf T2.pdf
100.03.28 15:07 B D:\web\matematica\didatticacds\cdl_no\MA2\_vti_cnf\T2.ps --> www /www/public/didatticacds/cdl_no/MA2/_vti_cnf T2.ps
100.03.28 15:07 B D:\web\matematica\didatticacds\cdl_no\MA2\_vti_cnf\T3.dvi --> www /www/public/didatticacds/cdl_no/MA2/_vti_cnf T3.dvi
100.03.28 15:07 B D:\web\matematica\didatticacds\cdl_no\MA2\_vti_cnf\T3.pdf --> www /www/public/didatticacds/cdl_no/MA2/_vti_cnf T3.pdf
100.03.28 15:07 B D:\web\matematica\didatticacds\cdl_no\MA2\_vti_cnf\T3.ps --> www /www/public/didatticacds/cdl_no/MA2/_vti_cnf T3.ps
100.03.28 15:07 B D:\web\matematica\didatticacds\cdl_no\MA2\_vti_cnf\T4.dvi --> www /www/public/didatticacds/cdl_no/MA2/_vti_cnf T4.dvi
100.03.28 15:07 B D:\web\matematica\didatticacds\cdl_no\MA2\_vti_cnf\T4.pdf --> www /www/public/didatticacds/cdl_no/MA2/_vti_cnf T4.pdf
100.03.28 15:07 B D:\web\matematica\didatticacds\cdl_no\MA2\_vti_cnf\T4.ps --> www /www/public/didatticacds/cdl_no/MA2/_vti_cnf T4.ps
100.03.28 15:07 B D:\web\matematica\didatticacds\cdl_no\MA2\_vti_cnf\T5.dvi --> www /www/public/didatticacds/cdl_no/MA2/_vti_cnf T5.dvi
100.03.28 15:07 B D:\web\matematica\didatticacds\cdl_no\MA2\_vti_cnf\T5.pdf --> www /www/public/didatticacds/cdl_no/MA2/_vti_cnf T5.pdf
100.03.28 15:07 B D:\web\matematica\didatticacds\cdl_no\MA2\_vti_cnf\T5.ps --> www /www/public/didatticacds/cdl_no/MA2/_vti_cnf T5.ps
100.03.28 15:07 B D:\web\matematica\didatticacds\cdl_no\MA2\_vti_cnf\T6.dvi --> www /www/public/didatticacds/cdl_no/MA2/_vti_cnf T6.dvi
100.03.28 15:07 B D:\web\matematica\didatticacds\cdl_no\MA2\_vti_cnf\T6.pdf --> www /www/public/didatticacds/cdl_no/MA2/_vti_cnf T6.pdf
100.03.28 15:07 B D:\web\matematica\didatticacds\cdl_no\MA2\_vti_cnf\T6.ps --> www /www/public/didatticacds/cdl_no/MA2/_vti_cnf T6.ps
100.03.28 15:07 B D:\web\matematica\didatticacds\cdl_no\MA2\_vti_cnf\Timest.dvi --> www /www/public/didatticacds/cdl_no/MA2/_vti_cnf Timest.dvi
100.03.28 15:07 B D:\web\matematica\didatticacds\cdl_no\MA2\_vti_cnf\Timest.pdf --> www /www/public/didatticacds/cdl_no/MA2/_vti_cnf Timest.pdf
100.03.28 15:07 B D:\web\matematica\didatticacds\cdl_no\MA2\_vti_cnf\Timest.ps --> www /www/public/didatticacds/cdl_no/MA2/_vti_cnf Timest.ps
100.03.28 15:07 B D:\web\matematica\didatticacds\cdl_no\MA2\_vti_cnf\WS_FTP.LOG --> www /www/public/didatticacds/cdl_no/MA2/_vti_cnf WS_FTP.LOG
100.03.28 15:21 B D:\web\matematica\didatticacds\cdl_no\MA2\_vti_cnf\1sett99.dvi --> www /www/public/didatticacds/cdl_no/MA2/_vti_cnf 1sett99.dvi
100.03.28 15:21 B D:\web\matematica\didatticacds\cdl_no\MA2\_vti_cnf\1sett99.pdf --> www /www/public/didatticacds/cdl_no/MA2/_vti_cnf 1sett99.pdf
100.03.28 15:21 B D:\web\matematica\didatticacds\cdl_no\MA2\_vti_cnf\1sett99.ps --> www /www/public/didatticacds/cdl_no/MA2/_vti_cnf 1sett99.ps
100.03.28 15:21 B D:\web\matematica\didatticacds\cdl_no\MA2\_vti_cnf\26lug99.dvi --> www /www/public/didatticacds/cdl_no/MA2/_vti_cnf 26lug99.dvi
100.03.28 15:21 B D:\web\matematica\didatticacds\cdl_no\MA2\_vti_cnf\26lug99.pdf --> www /www/public/didatticacds/cdl_no/MA2/_vti_cnf 26lug99.pdf
100.03.28 15:21 B D:\web\matematica\didatticacds\cdl_no\MA2\_vti_cnf\26lug99.ps --> www /www/public/didatticacds/cdl_no/MA2/_vti_cnf 26lug99.ps
100.03.28 15:21 B D:\web\matematica\didatticacds\cdl_no\MA2\_vti_cnf\30giu.dvi --> www /www/public/didatticacds/cdl_no/MA2/_vti_cnf 30giu.dvi
100.03.28 15:21 B D:\web\matematica\didatticacds\cdl_no\MA2\_vti_cnf\30giu.pdf --> www /www/public/didatticacds/cdl_no/MA2/_vti_cnf 30giu.pdf
100.03.28 15:21 B D:\web\matematica\didatticacds\cdl_no\MA2\_vti_cnf\30giu.ps --> www /www/public/didatticacds/cdl_no/MA2/_vti_cnf 30giu.ps
100.03.28 15:21 B D:\web\matematica\didatticacds\cdl_no\MA2\_vti_cnf\9lug99.dvi --> www /www/public/didatticacds/cdl_no/MA2/_vti_cnf 9lug99.dvi
100.03.28 15:21 B D:\web\matematica\didatticacds\cdl_no\MA2\_vti_cnf\9lug99.pdf --> www /www/public/didatticacds/cdl_no/MA2/_vti_cnf 9lug99.pdf
100.03.28 15:21 B D:\web\matematica\didatticacds\cdl_no\MA2\_vti_cnf\9lug99.ps --> www /www/public/didatticacds/cdl_no/MA2/_vti_cnf 9lug99.ps
100.03.28 15:21 B D:\web\matematica\didatticacds\cdl_no\MA2\_vti_cnf\bugs.gif --> www /www/public/didatticacds/cdl_no/MA2/_vti_cnf bugs.gif
100.03.28 15:21 B D:\web\matematica\didatticacds\cdl_no\MA2\_vti_cnf\calvin.gif --> www /www/public/didatticacds/cdl_no/MA2/_vti_cnf calvin.gif
100.03.28 15:21 B D:\web\matematica\didatticacds\cdl_no\MA2\_vti_cnf\finfil.dvi --> www /www/public/didatticacds/cdl_no/MA2/_vti_cnf finfil.dvi
100.03.28 15:21 B D:\web\matematica\didatticacds\cdl_no\MA2\_vti_cnf\finfil.pdf --> www /www/public/didatticacds/cdl_no/MA2/_vti_cnf finfil.pdf
100.03.28 15:21 B D:\web\matematica\didatticacds\cdl_no\MA2\_vti_cnf\finfil.ps --> www /www/public/didatticacds/cdl_no/MA2/_vti_cnf finfil.ps
100.03.28 15:21 B D:\web\matematica\didatticacds\cdl_no\MA2\_vti_cnf\index.html --> www /www/public/didatticacds/cdl_no/MA2/_vti_cnf index.html
100.03.28 15:21 B D:\web\matematica\didatticacds\cdl_no\MA2\_vti_cnf\jacko.gif --> www /www/public/didatticacds/cdl_no/MA2/_vti_cnf jacko.gif
100.03.28 15:21 B D:\web\matematica\didatticacds\cdl_no\MA2\_vti_cnf\MA2.html --> www /www/public/didatticacds/cdl_no/MA2/_vti_cnf MA2.html
100.03.28 15:21 B D:\web\matematica\didatticacds\cdl_no\MA2\_vti_cnf\Misc.dvi --> www /www/public/didatticacds/cdl_no/MA2/_vti_cnf Misc.dvi
100.03.28 15:21 B D:\web\matematica\didatticacds\cdl_no\MA2\_vti_cnf\Misc.pdf --> www /www/public/didatticacds/cdl_no/MA2/_vti_cnf Misc.pdf
100.03.28 15:21 B D:\web\matematica\didatticacds\cdl_no\MA2\_vti_cnf\Misc.ps --> www /www/public/didatticacds/cdl_no/MA2/_vti_cnf Misc.ps
100.03.28 15:21 B D:\web\matematica\didatticacds\cdl_no\MA2\_vti_cnf\ppanther02.gif --> www /www/public/didatticacds/cdl_no/MA2/_vti_cnf ppanther02.gif
100.03.28 15:21 B D:\web\matematica\didatticacds\cdl_no\MA2\_vti_cnf\q_mark1.gif --> www /www/public/didatticacds/cdl_no/MA2/_vti_cnf q_mark1.gif
100.03.28 15:21 B D:\web\matematica\didatticacds\cdl_no\MA2\_vti_cnf\RSA.dvi --> www /www/public/didatticacds/cdl_no/MA2/_vti_cnf RSA.dvi
100.03.28 15:21 B D:\web\matematica\didatticacds\cdl_no\MA2\_vti_cnf\RSA.pdf --> www /www/public/didatticacds/cdl_no/MA2/_vti_cnf RSA.pdf
100.03.28 15:21 B D:\web\matematica\didatticacds\cdl_no\MA2\_vti_cnf\RSA.ps --> www /www/public/didatticacds/cdl_no/MA2/_vti_cnf RSA.ps
100.03.28 15:21 B D:\web\matematica\didatticacds\cdl_no\MA2\_vti_cnf\snowmen8.gif --> www /www/public/didatticacds/cdl_no/MA2/_vti_cnf snowmen8.gif
100.03.28 15:21 B D:\web\matematica\didatticacds\cdl_no\MA2\_vti_cnf\T1.dvi --> www /www/public/didatticacds/cdl_no/MA2/_vti_cnf T1.dvi
100.03.28 15:21 B D:\web\matematica\didatticacds\cdl_no\MA2\_vti_cnf\T1.pdf --> www /www/public/didatticacds/cdl_no/MA2/_vti_cnf T1.pdf
100.03.28 15:21 B D:\web\matematica\didatticacds\cdl_no\MA2\_vti_cnf\T1.ps --> www /www/public/didatticacds/cdl_no/MA2/_vti_cnf T1.ps
100.03.28 15:21 B D:\web\matematica\didatticacds\cdl_no\MA2\_vti_cnf\T2.dvi --> www /www/public/didatticacds/cdl_no/MA2/_vti_cnf T2.dvi
100.03.28 15:21 B D:\web\matematica\didatticacds\cdl_no\MA2\_vti_cnf\T2.pdf --> www /www/public/didatticacds/cdl_no/MA2/_vti_cnf T2.pdf
100.03.28 15:21 B D:\web\matematica\didatticacds\cdl_no\MA2\_vti_cnf\T2.ps --> www /www/public/didatticacds/cdl_no/MA2/_vti_cnf T2.ps
100.03.28 15:21 B D:\web\matematica\didatticacds\cdl_no\MA2\_vti_cnf\T3.dvi --> www /www/public/didatticacds/cdl_no/MA2/_vti_cnf T3.dvi
100.03.28 15:21 B D:\web\matematica\didatticacds\cdl_no\MA2\_vti_cnf\T3.pdf --> www /www/public/didatticacds/cdl_no/MA2/_vti_cnf T3.pdf
100.03.28 15:21 B D:\web\matematica\didatticacds\cdl_no\MA2\_vti_cnf\T3.ps --> www /www/public/didatticacds/cdl_no/MA2/_vti_cnf T3.ps
100.03.28 15:21 B D:\web\matematica\didatticacds\cdl_no\MA2\_vti_cnf\T4.dvi --> www /www/public/didatticacds/cdl_no/MA2/_vti_cnf T4.dvi
100.03.28 15:21 B D:\web\matematica\didatticacds\cdl_no\MA2\_vti_cnf\T4.pdf --> www /www/public/didatticacds/cdl_no/MA2/_vti_cnf T4.pdf
100.03.28 15:21 B D:\web\matematica\didatticacds\cdl_no\MA2\_vti_cnf\T4.ps --> www /www/public/didatticacds/cdl_no/MA2/_vti_cnf T4.ps
100.03.28 15:21 B D:\web\matematica\didatticacds\cdl_no\MA2\_vti_cnf\T5.dvi --> www /www/public/didatticacds/cdl_no/MA2/_vti_cnf T5.dvi
100.03.28 15:21 B D:\web\matematica\didatticacds\cdl_no\MA2\_vti_cnf\T5.pdf --> www /www/public/didatticacds/cdl_no/MA2/_vti_cnf T5.pdf
100.03.28 15:21 B D:\web\matematica\didatticacds\cdl_no\MA2\_vti_cnf\T5.ps --> www /www/public/didatticacds/cdl_no/MA2/_vti_cnf T5.ps
100.03.28 15:21 B D:\web\matematica\didatticacds\cdl_no\MA2\_vti_cnf\T6.dvi --> www /www/public/didatticacds/cdl_no/MA2/_vti_cnf T6.dvi
100.03.28 15:21 B D:\web\matematica\didatticacds\cdl_no\MA2\_vti_cnf\T6.pdf --> www /www/public/didatticacds/cdl_no/MA2/_vti_cnf T6.pdf
100.03.28 15:21 B D:\web\matematica\didatticacds\cdl_no\MA2\_vti_cnf\T6.ps --> www /www/public/didatticacds/cdl_no/MA2/_vti_cnf T6.ps
100.03.28 15:21 B D:\web\matematica\didatticacds\cdl_no\MA2\_vti_cnf\Timest.dvi --> www /www/public/didatticacds/cdl_no/MA2/_vti_cnf Timest.dvi
100.03.28 15:21 B D:\web\matematica\didatticacds\cdl_no\MA2\_vti_cnf\Timest.pdf --> www /www/public/didatticacds/cdl_no/MA2/_vti_cnf Timest.pdf
100.03.28 15:21 B D:\web\matematica\didatticacds\cdl_no\MA2\_vti_cnf\Timest.ps --> www /www/public/didatticacds/cdl_no/MA2/_vti_cnf Timest.ps
100.09.14 11:02 B D:\web\matematica\didatticacds\cdl_no\MA2\_vti_cnf\WS_FTP.LOG <-- www /www/public/didatticacds/cdl_no/MA2/_vti_cnf WS_FTP.LOG
