This is pdfTeX, Version 3.14159265-2.6-1.40.18 (TeX Live 2017/Debian) (preloaded format=pdftex 2018.10.17)  10 JUN 2019 10:25
entering extended mode
 restricted \write18 enabled.
 %&-line parsing enabled.
**AL310_18_19_C.tex
(./AL310_18_19_C.tex
Overfull \vbox (270.52756pt too high) has occurred while \output is active
\vbox(0.0+0.0)x554.82874
.\glue -22.5
.\hbox(8.5+0.0)x554.82874, glue set 554.82874fil
..\vbox(8.5+0.0)x0.0
..\glue 0.0 plus 1.0fil
.\glue 284.52756


[1{/var/lib/texmf/fonts/map/pdftex/updmap/pdftex.map}]
Overfull \vbox (270.52756pt too high) has occurred while \output is active
\vbox(0.0+0.0)x554.82874
.\glue -22.5
.\hbox(8.5+0.0)x554.82874, glue set 554.82874fil
..\vbox(8.5+0.0)x0.0
..\glue 0.0 plus 1.0fil
.\glue 284.52756


[2]
Overfull \vbox (270.52756pt too high) has occurred while \output is active
\vbox(0.0+0.0)x554.82874
.\glue -22.5
.\hbox(8.5+0.0)x554.82874, glue set 554.82874fil
..\vbox(8.5+0.0)x0.0
..\glue 0.0 plus 1.0fil
.\glue 284.52756


[3]
Overfull \vbox (270.52756pt too high) has occurred while \output is active
\vbox(0.0+0.0)x554.82874
.\glue -22.5
.\hbox(8.5+0.0)x554.82874, glue set 554.82874fil
..\vbox(8.5+0.0)x0.0
..\glue 0.0 plus 1.0fil
.\glue 284.52756


[4] )</usr/share/texlive/texmf-dist/fonts/type1/public/amsfonts/cm/cmbx10.pfb><
/usr/share/texlive/texmf-dist/fonts/type1/public/amsfonts/cm/cmmi10.pfb></usr/s
hare/texlive/texmf-dist/fonts/type1/public/amsfonts/cm/cmmi7.pfb></usr/share/te
xlive/texmf-dist/fonts/type1/public/amsfonts/cm/cmr10.pfb></usr/share/texlive/t
exmf-dist/fonts/type1/public/amsfonts/cm/cmr7.pfb></usr/share/texlive/texmf-dis
t/fonts/type1/public/amsfonts/cm/cmsy10.pfb></usr/share/texlive/texmf-dist/font
s/type1/public/amsfonts/cm/cmti10.pfb></usr/share/texlive/texmf-dist/fonts/type
1/public/amsfonts/cm/cmti12.pfb>
Output written on AL310_18_19_C.pdf (4 pages, 88634 bytes).
PDF statistics:
 49 PDF objects out of 1000 (max. 8388607)
 34 compressed objects within 1 object stream
 0 named destinations out of 1000 (max. 500000)
 1 words of extra memory for PDF output out of 10000 (max. 10000000)

