This is pdfTeX, Version 3.14159265-2.6-1.40.16 (TeX Live 2015/Debian) (preloaded format=pdftex 2016.9.15)  27 OCT 2016 16:31
entering extended mode
 restricted \write18 enabled.
 %&-line parsing enabled.
**_AL310_16_17_1.tex
(./_AL310_16_17_1.tex
Overfull \hbox (6.89948pt too wide) in alignment at lines 44--44
[][] [] [] [] [] [] [] [] [] [] [] [] [] [] [] [] [] [] [] [] [] [][][][][][][]
[]

\hbox(0.0+0.0)x277.0
.\glue(\tabskip) 0.0
.\unsetbox(0.0+0.0)x0.0
.\glue(\tabskip) 0.0
.\unsetbox(0.0+0.0)x0.4
.\glue(\tabskip) 6.99997 plus 10.00002
.etc.


Overfull \vbox (270.52756pt too high) has occurred while \output is active
\vbox(0.0+0.0)x554.82874
.\glue -22.5
.\hbox(8.5+0.0)x554.82874, glue set 554.82874fil
..\vbox(8.5+0.0)x0.0
..\glue 0.0 plus 1.0fil
.\glue 284.52756


[1{/var/lib/texmf/fonts/map/pdftex/updmap/pdftex.map}]
Overfull \vbox (270.52756pt too high) has occurred while \output is active
\vbox(0.0+0.0)x554.82874
.\glue -22.5
.\hbox(8.5+0.0)x554.82874, glue set 554.82874fil
..\vbox(8.5+0.0)x0.0
..\glue 0.0 plus 1.0fil
.\glue 284.52756


[2]
Overfull \vbox (270.52756pt too high) has occurred while \output is active
\vbox(0.0+0.0)x554.82874
.\glue -22.5
.\hbox(8.5+0.0)x554.82874, glue set 554.82874fil
..\vbox(8.5+0.0)x0.0
..\glue 0.0 plus 1.0fil
.\glue 284.52756


[3]
Overfull \vbox (270.52756pt too high) has occurred while \output is active
\vbox(0.0+0.0)x554.82874
.\glue -22.5
.\hbox(8.5+0.0)x554.82874, glue set 554.82874fil
..\vbox(8.5+0.0)x0.0
..\glue 0.0 plus 1.0fil
.\glue 284.52756


[4] )</usr/share/texlive/texmf-dist/fonts/type1/public/amsfonts/cm/cmbx10.pfb><
/usr/share/texlive/texmf-dist/fonts/type1/public/amsfonts/cm/cmmi10.pfb></usr/s
hare/texlive/texmf-dist/fonts/type1/public/amsfonts/cm/cmr10.pfb></usr/share/te
xlive/texmf-dist/fonts/type1/public/amsfonts/cm/cmr7.pfb></usr/share/texlive/te
xmf-dist/fonts/type1/public/amsfonts/cm/cmsy10.pfb></usr/share/texlive/texmf-di
st/fonts/type1/public/amsfonts/cm/cmti10.pfb></usr/share/texlive/texmf-dist/fon
ts/type1/public/amsfonts/cm/cmti12.pfb>
Output written on _AL310_16_17_1.pdf (4 pages, 82106 bytes).
PDF statistics:
 45 PDF objects out of 1000 (max. 8388607)
 31 compressed objects within 1 object stream
 0 named destinations out of 1000 (max. 500000)
 1 words of extra memory for PDF output out of 10000 (max. 10000000)

