This is pdfTeX, Version 3.1415926-2.5-1.40.14 (TeX Live 2013/Debian) (format=pdftex 2014.5.27)  23 SEP 2015 19:19
entering extended mode
 restricted \write18 enabled.
 %&-line parsing enabled.
**TN410_14_15_X.tex
(./TN410_14_15_X.tex
Overfull \hbox (11.06282pt too wide) in alignment at lines 50--50
[][] [] [] [] [] [] [] [] [] [] [] [] [] [] [] [] [] [] [] [] [] [][][][][][]

\hbox(0.0+0.0)x371.7
.\glue(\tabskip) 0.0
.\unsetbox(0.0+0.0)x0.0
.\glue(\tabskip) 0.0
.\unsetbox(0.0+0.0)x0.4
.\glue(\tabskip) 11.00008 plus 28.99997
.etc.


Overfull \vbox (270.52756pt too high) has occurred while \output is active
\vbox(0.0+0.0)x540.60236
.\glue -22.5
.\hbox(8.5+0.0)x540.60236, glue set 540.60236fil
..\vbox(8.5+0.0)x0.0
..\glue 0.0 plus 1.0fil
.\glue 284.52756


[1{/var/lib/texmf/fonts/map/pdftex/updmap/pdftex.map}]
Overfull \vbox (270.52756pt too high) has occurred while \output is active
\vbox(0.0+0.0)x540.60236
.\glue -22.5
.\hbox(8.5+0.0)x540.60236, glue set 540.60236fil
..\vbox(8.5+0.0)x0.0
..\glue 0.0 plus 1.0fil
.\glue 284.52756


[2]
Overfull \vbox (270.52756pt too high) has occurred while \output is active
\vbox(0.0+0.0)x540.60236
.\glue -22.5
.\hbox(8.5+0.0)x540.60236, glue set 540.60236fil
..\vbox(8.5+0.0)x0.0
..\glue 0.0 plus 1.0fil
.\glue 284.52756


[3]
Overfull \vbox (270.52756pt too high) has occurred while \output is active
\vbox(0.0+0.0)x540.60236
.\glue -22.5
.\hbox(8.5+0.0)x540.60236, glue set 540.60236fil
..\vbox(8.5+0.0)x0.0
..\glue 0.0 plus 1.0fil
.\glue 284.52756


[4] )</usr/share/texlive/texmf-dist/fonts/type1/public/amsfonts/cm/cmbx10.pfb><
/usr/share/texlive/texmf-dist/fonts/type1/public/amsfonts/cm/cmbx7.pfb></usr/sh
are/texlive/texmf-dist/fonts/type1/public/amsfonts/cm/cmex10.pfb></usr/share/te
xlive/texmf-dist/fonts/type1/public/amsfonts/cm/cmmi10.pfb></usr/share/texlive/
texmf-dist/fonts/type1/public/amsfonts/cm/cmmi5.pfb></usr/share/texlive/texmf-d
ist/fonts/type1/public/amsfonts/cm/cmmi7.pfb></usr/share/texlive/texmf-dist/fon
ts/type1/public/amsfonts/cm/cmr10.pfb></usr/share/texlive/texmf-dist/fonts/type
1/public/amsfonts/cm/cmr5.pfb></usr/share/texlive/texmf-dist/fonts/type1/public
/amsfonts/cm/cmr7.pfb></usr/share/texlive/texmf-dist/fonts/type1/public/amsfont
s/cm/cmsy10.pfb></usr/share/texlive/texmf-dist/fonts/type1/public/amsfonts/cm/c
msy5.pfb></usr/share/texlive/texmf-dist/fonts/type1/public/amsfonts/cm/cmsy7.pf
b></usr/share/texlive/texmf-dist/fonts/type1/public/amsfonts/cm/cmti10.pfb></us
r/share/texlive/texmf-dist/fonts/type1/public/amsfonts/cm/cmti12.pfb>
Output written on TN410_14_15_X.pdf (4 pages, 143556 bytes).
PDF statistics:
 73 PDF objects out of 1000 (max. 8388607)
 52 compressed objects within 1 object stream
 0 named destinations out of 1000 (max. 500000)
 1 words of extra memory for PDF output out of 10000 (max. 10000000)

